TN:
SF:C:\Users\chandra.gunesekaran\my-app\apps\my-app\src\polyfills.ts
FNF:0
FNH:0
LF:0
LH:0
BRF:0
BRH:0
end_of_record
TN:
SF:C:\Users\chandra.gunesekaran\my-app\apps\my-app\src\test.ts
FNF:0
FNH:0
DA:13,1
DA:18,1
DA:20,1
LF:3
LH:3
BRF:0
BRH:0
end_of_record
TN:
SF:C:\Users\chandra.gunesekaran\my-app\apps\my-app\src\app\app.component.ts
FN:8,(anonymous_1)
FN:3,AppComponent
FNF:2
FNH:2
FNDA:1,(anonymous_1)
FNDA:2,AppComponent
DA:8,1
DA:9,2
DA:10,1
LF:3
LH:3
BRF:0
BRH:0
end_of_record
TN:
SF:C:\Users\chandra.gunesekaran\my-app\apps\my-app\src\app\todo-service.service.ts
FN:7,(anonymous_2)
FN:10,TodoServiceService
FN:12,(anonymous_4)
FN:17,(anonymous_5)
FNF:4
FNH:4
FNDA:1,(anonymous_2)
FNDA:7,TodoServiceService
FNDA:6,(anonymous_4)
FNDA:5,(anonymous_5)
DA:7,1
DA:12,1
DA:13,6
DA:14,6
DA:17,1
DA:18,5
DA:23,5
DA:25,1
LF:8
LH:8
BRF:0
BRH:0
end_of_record
TN:
SF:C:\Users\chandra.gunesekaran\my-app\apps\my-app\src\app\login\login.component.ts
FN:10,(anonymous_2)
FN:13,LoginComponent
FN:15,(anonymous_4)
FN:19,(anonymous_5)
FNF:4
FNH:3
FNDA:1,(anonymous_2)
FNDA:1,LoginComponent
FNDA:1,(anonymous_4)
FNDA:0,(anonymous_5)
DA:10,1
DA:11,1
DA:13,1
DA:15,1
DA:16,1
DA:19,1
DA:20,0
DA:21,0
DA:23,0
DA:26,1
LF:10
LH:7
BRDA:20,0,0,0
BRDA:20,0,1,0
BRDA:20,1,0,0
BRDA:20,1,1,0
BRF:4
BRH:0
end_of_record
TN:
SF:C:\Users\chandra.gunesekaran\my-app\apps\my-app\src\app\todo\todo.component.ts
FN:12,(anonymous_2)
FN:26,TodoComponent
FN:28,(anonymous_4)
FN:29,(anonymous_5)
FN:38,(anonymous_6)
FN:44,(anonymous_7)
FN:50,(anonymous_8)
FN:54,(anonymous_9)
FNF:8
FNH:6
FNDA:1,(anonymous_2)
FNDA:5,TodoComponent
FNDA:5,(anonymous_4)
FNDA:5,(anonymous_5)
FNDA:3,(anonymous_6)
FNDA:1,(anonymous_7)
FNDA:0,(anonymous_8)
FNDA:0,(anonymous_9)
DA:12,1
DA:21,5
DA:23,5
DA:26,5
DA:28,5
DA:29,5
DA:30,5
DA:31,5
DA:34,5
DA:35,5
DA:38,1
DA:39,3
DA:40,3
DA:41,3
DA:44,1
DA:45,1
DA:46,1
DA:47,1
DA:50,1
DA:51,0
DA:54,1
DA:55,0
DA:56,0
DA:58,1
LF:24
LH:21
BRF:0
BRH:0
end_of_record
